<?xml version="1.0" encoding="UTF-8"?>
<testng-results ignored="0" total="2" passed="2" failed="0" skipped="0">
  <reporter-output>
  </reporter-output>
  <suite started-at="2023-07-31T17:56:58 IST" name="Suite" finished-at="2023-07-31T17:57:13 IST" duration-ms="14436">
    <groups>
      <group name="regression">
        <method signature="LoginTest.verifyLogin()[pri:0, instance:com.obsqura.test.LoginTest@7c711375]" name="verifyLogin" class="com.obsqura.test.LoginTest"/>
        <method signature="LoginTest.verifyLogin()[pri:0, instance:com.obsqura.test.LoginTest@3c77d488]" name="verifyLogin" class="com.obsqura.test.LoginTest"/>
      </group> <!-- regression -->
      <group name="sanity">
        <method signature="LoginTest.verifyLogin()[pri:0, instance:com.obsqura.test.LoginTest@7c711375]" name="verifyLogin" class="com.obsqura.test.LoginTest"/>
        <method signature="LoginTest.verifyLogin()[pri:0, instance:com.obsqura.test.LoginTest@3c77d488]" name="verifyLogin" class="com.obsqura.test.LoginTest"/>
      </group> <!-- sanity -->
    </groups>
    <test started-at="2023-07-31T17:56:58 IST" name="Test" finished-at="2023-07-31T17:57:11 IST" duration-ms="12219">
      <class name="com.obsqura.test.LoginTest">
        <test-method is-config="true" signature="beforeMethod(java.lang.String)[pri:0, instance:com.obsqura.test.LoginTest@7c711375]" started-at="2023-07-31T17:56:59 IST" name="beforeMethod" finished-at="2023-07-31T17:57:06 IST" duration-ms="6990" status="PASS">
          <params>
            <param index="0">
              <value>
                <![CDATA[chrome]]>
              </value>
            </param>
          </params>
          <reporter-output>
          </reporter-output>
        </test-method> <!-- beforeMethod -->
        <test-method signature="verifyLogin()[pri:0, instance:com.obsqura.test.LoginTest@7c711375]" started-at="2023-07-31T17:57:06 IST" name="verifyLogin" finished-at="2023-07-31T17:57:09 IST" duration-ms="3640" status="PASS">
          <reporter-output>
          </reporter-output>
        </test-method> <!-- verifyLogin -->
        <test-method is-config="true" signature="takeScreenShotOnFailure(org.testng.ITestResult)[pri:0, instance:com.obsqura.test.LoginTest@7c711375]" started-at="2023-07-31T17:57:09 IST" name="takeScreenShotOnFailure" finished-at="2023-07-31T17:57:11 IST" duration-ms="1512" status="PASS">
          <params>
            <param index="0">
              <value>
                <![CDATA[[TestResult name=verifyLogin status=SUCCESS method=LoginTest.verifyLogin()[pri:0, instance:com.obsqura.test.LoginTest@7c711375] output={null}]]]>
              </value>
            </param>
          </params>
          <reporter-output>
          </reporter-output>
        </test-method> <!-- takeScreenShotOnFailure -->
      </class> <!-- com.obsqura.test.LoginTest -->
    </test> <!-- Test -->
    <test started-at="2023-07-31T17:56:58 IST" name="Test2" finished-at="2023-07-31T17:57:13 IST" duration-ms="14436">
      <class name="com.obsqura.test.LoginTest">
        <test-method is-config="true" signature="beforeMethod(java.lang.String)[pri:0, instance:com.obsqura.test.LoginTest@3c77d488]" started-at="2023-07-31T17:56:59 IST" name="beforeMethod" finished-at="2023-07-31T17:57:11 IST" duration-ms="11964" status="PASS">
          <params>
            <param index="0">
              <value>
                <![CDATA[edge]]>
              </value>
            </param>
          </params>
          <reporter-output>
          </reporter-output>
        </test-method> <!-- beforeMethod -->
        <test-method signature="verifyLogin()[pri:0, instance:com.obsqura.test.LoginTest@3c77d488]" started-at="2023-07-31T17:57:11 IST" name="verifyLogin" finished-at="2023-07-31T17:57:12 IST" duration-ms="1438" status="PASS">
          <reporter-output>
          </reporter-output>
        </test-method> <!-- verifyLogin -->
        <test-method is-config="true" signature="takeScreenShotOnFailure(org.testng.ITestResult)[pri:0, instance:com.obsqura.test.LoginTest@3c77d488]" started-at="2023-07-31T17:57:12 IST" name="takeScreenShotOnFailure" finished-at="2023-07-31T17:57:13 IST" duration-ms="966" status="PASS">
          <params>
            <param index="0">
              <value>
                <![CDATA[[TestResult name=verifyLogin status=SUCCESS method=LoginTest.verifyLogin()[pri:0, instance:com.obsqura.test.LoginTest@3c77d488] output={null}]]]>
              </value>
            </param>
          </params>
          <reporter-output>
          </reporter-output>
        </test-method> <!-- takeScreenShotOnFailure -->
      </class> <!-- com.obsqura.test.LoginTest -->
    </test> <!-- Test2 -->
  </suite> <!-- Suite -->
</testng-results>
